<?xml version="1.0" encoding="UTF-8"?>
<!-- Generated by org.testng.reporters.JUnitReportReporter -->
<testsuite hostname="ArchanaHN" failures="0" tests="1" name="com_Selenium_Basic.NonHtmlTest" time="16.648" errors="0" timestamp="2020-12-02T08:07:41 IST" skipped="0">
  <testcase classname="com_Selenium_Basic.NonHtmlTest" name="nonHtmlScreenShot" time="16.648"/>
  <system-out/>
</testsuite> <!-- com_Selenium_Basic.NonHtmlTest -->
