<?xml version="1.0" encoding="UTF-8"?>
<!-- Generated by org.testng.reporters.JUnitReportReporter -->
<testsuite hostname="ArchanaHN" failures="0" tests="1" name="com_Selenium_Basic.ReadDataFromJavaProperties" time="14.177" errors="0" timestamp="2020-12-02T11:39:12 IST" skipped="0">
  <testcase classname="com_Selenium_Basic.ReadDataFromJavaProperties" name="readData" time="14.177"/>
  <system-out/>
</testsuite> <!-- com_Selenium_Basic.ReadDataFromJavaProperties -->
