<?xml version="1.0" encoding="UTF-8"?>
<!-- Generated by org.testng.reporters.JUnitReportReporter -->
<testsuite hostname="ArchanaHN" failures="0" tests="1" name="com_Adv_Selenium_Tests.Demo" time="26.348" errors="0" timestamp="2020-11-26T10:56:31 IST" skipped="0">
  <testcase classname="com_Adv_Selenium_Tests.Demo" name="testA" time="26.348"/>
  <system-out/>
</testsuite> <!-- com_Adv_Selenium_Tests.Demo -->
