<?xml version="1.0" encoding="UTF-8"?>
<!-- Generated by org.testng.reporters.JUnitReportReporter -->
<testsuite hostname="ArchanaHN" failures="0" tests="1" name="com_Selenium_Basic.DemoAjaxTest" time="12.396" errors="0" timestamp="2020-11-30T11:59:57 IST" skipped="0">
  <testcase classname="com_Selenium_Basic.DemoAjaxTest" name="testA" time="12.396"/>
  <system-out/>
</testsuite> <!-- com_Selenium_Basic.DemoAjaxTest -->
